2025-04-20 02:02:15,542 - INFO - Data Processing Initialized
2025-04-20 02:02:16,337 - INFO - Data loaded successfully
2025-04-20 02:02:16,534 - INFO - Filtered users sucesfully...
2025-04-20 02:02:18,001 - INFO - Scaling done for processing
2025-04-20 02:02:18,212 - INFO - Encoding done for Users and Anime
2025-04-20 02:02:18,807 - INFO - Data splitted successfully
2025-04-20 02:02:18,927 - INFO - user2user_encoded saved sucesfully in processed directory
2025-04-20 02:02:18,979 - INFO - user2user_decoded saved sucesfully in processed directory
2025-04-20 02:02:19,021 - INFO - anim2anime_encoded saved sucesfully in processed directory
2025-04-20 02:02:19,061 - INFO - anim2anime_decoded saved sucesfully in processed directory
2025-04-20 02:02:25,025 - INFO - All the training testing data as well as rating_df is saved
2025-04-20 02:02:29,632 - INFO - DF and SYNOPSIS_DF saved successfully
2025-04-20 02:02:29,634 - INFO - Data Processing Pipeline successfully
2025-04-20 05:52:08,704 - INFO - Model training initialized
2025-04-20 05:52:08,735 - INFO - Data loaded successfully for model training
2025-04-20 05:52:08,761 - INFO - Seccessfully read the yaml file
2025-04-20 05:52:08,761 - INFO - Loaded configuration from config.yaml
2025-04-20 05:52:08,899 - INFO - Model created successfully
2025-04-20 05:52:33,445 - INFO - Model training completed
2025-04-20 05:52:33,446 - WARNING - You are saving your model as an HDF5 file via `model.save()` or `keras.saving.save_model(model)`. This file format is considered legacy. We recommend using instead the native Keras format, e.g. `model.save('my_model.keras')` or `keras.saving.save_model(model, 'my_model.keras')`. 
2025-04-20 05:52:33,506 - INFO - Model saved to artifacts/model/model.h5
2025-04-20 05:52:33,511 - INFO - Extracting weights for user_embedding
2025-04-20 05:52:33,515 - INFO - Extracting weights for anime_embedding
2025-04-20 05:52:33,528 - INFO - User and Anime weights saved successfully
2025-04-20 06:44:46,157 - INFO - Model training and Comet ML initialized
2025-04-20 06:44:47,151 - INFO - Data loaded successfully for model training
2025-04-20 06:44:47,177 - INFO - Seccessfully read the yaml file
2025-04-20 06:44:47,177 - INFO - Loaded configuration from config.yaml
2025-04-20 06:44:47,334 - INFO - Model created successfully
2025-04-20 06:45:13,733 - INFO - Model training completed
2025-04-20 06:45:13,733 - WARNING - You are saving your model as an HDF5 file via `model.save()` or `keras.saving.save_model(model)`. This file format is considered legacy. We recommend using instead the native Keras format, e.g. `model.save('my_model.keras')` or `keras.saving.save_model(model, 'my_model.keras')`. 
2025-04-20 06:45:13,768 - INFO - Model saved to artifacts/model/model.h5
2025-04-20 06:45:13,776 - INFO - Extracting weights for user_embedding
2025-04-20 06:45:13,782 - INFO - Extracting weights for anime_embedding
2025-04-20 06:45:13,867 - INFO - User and Anime weights saved successfully
2025-04-20 07:20:18,800 - INFO - Data Processing Initialized
2025-04-20 07:20:19,568 - INFO - Data loaded successfully
2025-04-20 07:20:19,780 - INFO - Filtered users sucesfully...
2025-04-20 07:20:21,029 - INFO - Scaling done for processing
2025-04-20 07:20:21,129 - INFO - Encoding done for Users and Anime
2025-04-20 07:20:21,537 - INFO - Data splitted successfully
2025-04-20 07:20:21,578 - INFO - user2user_encoded saved sucesfully in processed directory
2025-04-20 07:20:21,616 - INFO - user2user_decoded saved sucesfully in processed directory
2025-04-20 07:20:21,647 - INFO - anim2anime_encoded saved sucesfully in processed directory
2025-04-20 07:20:21,677 - INFO - anim2anime_decoded saved sucesfully in processed directory
2025-04-20 07:20:26,527 - INFO - All the training testing data as well as rating_df is saved
2025-04-20 07:20:30,716 - INFO - DF and SYNOPSIS_DF saved successfully
2025-04-20 07:20:30,718 - INFO - Data Processing Pipeline successfully
2025-04-20 07:20:40,032 - INFO - Model training and Comet ML initialized
2025-04-20 07:20:40,139 - INFO - Data loaded successfully for model training
2025-04-20 07:20:40,177 - INFO - Seccessfully read the yaml file
2025-04-20 07:20:40,177 - INFO - Loaded configuration from config.yaml
2025-04-20 07:20:40,287 - INFO - Model created successfully
2025-04-20 07:21:13,306 - INFO - Model training completed
2025-04-20 07:21:13,307 - WARNING - You are saving your model as an HDF5 file via `model.save()` or `keras.saving.save_model(model)`. This file format is considered legacy. We recommend using instead the native Keras format, e.g. `model.save('my_model.keras')` or `keras.saving.save_model(model, 'my_model.keras')`. 
2025-04-20 07:21:13,350 - INFO - Model saved to artifacts/model/model.h5
2025-04-20 07:21:13,354 - INFO - Extracting weights for user_embedding
2025-04-20 07:21:13,360 - INFO - Extracting weights for anime_embedding
2025-04-20 07:21:13,397 - INFO - User and Anime weights saved successfully
